Started GET "/" for ::1 at 2024-01-12 12:05:52 -0600
  [1m[36mActiveRecord::SchemaMigration Load (0.8ms)[0m  [1m[34mSELECT "schema_migrations"."version" FROM "schema_migrations" ORDER BY "schema_migrations"."version" ASC[0m
Processing by SessionsController#show as HTML
  [1m[36mUser Load (0.5ms)[0m  [1m[34mSELECT "users".* FROM "users" WHERE "users"."id" IS NULL LIMIT $1[0m  [["LIMIT", 1]]
  ↳ app/controllers/application_controller.rb:19:in `current_user'
Redirected to http://localhost:3000/session/new
Filter chain halted as :authenticate! rendered or redirected
Completed 302 Found in 39ms (ActiveRecord: 6.1ms | Allocations: 19209)


Started GET "/session/new" for ::1 at 2024-01-12 12:05:52 -0600
Processing by SessionsController#new as HTML
  Rendering layout layouts/application.html.erb
  Rendering sessions/new.html.erb within layouts/application
  Rendered sessions/new.html.erb within layouts/application (Duration: 3.6ms | Allocations: 2881)
  Rendered layout layouts/application.html.erb (Duration: 626.9ms | Allocations: 140618)
Completed 200 OK in 633ms (Views: 632.4ms | ActiveRecord: 0.0ms | Allocations: 143324)


Started GET "/session/manifest.json" for ::1 at 2024-01-12 12:05:53 -0600
Processing by SessionsController#show as JSON
  Parameters: {"path"=>"session/manifest"}
  [1m[36mUser Load (0.4ms)[0m  [1m[34mSELECT "users".* FROM "users" WHERE "users"."id" IS NULL LIMIT $1[0m  [["LIMIT", 1]]
  ↳ app/controllers/application_controller.rb:19:in `current_user'
Redirected to http://localhost:3000/session/new
Filter chain halted as :authenticate! rendered or redirected
Completed 302 Found in 1ms (ActiveRecord: 0.4ms | Allocations: 754)


Started GET "/session/new" for ::1 at 2024-01-12 12:05:53 -0600
Processing by SessionsController#new as */*
  Rendering layout layouts/application.html.erb
  Rendering sessions/new.html.erb within layouts/application
  Rendered sessions/new.html.erb within layouts/application (Duration: 0.6ms | Allocations: 1370)
  Rendered layout layouts/application.html.erb (Duration: 2.0ms | Allocations: 3707)
Completed 200 OK in 2ms (Views: 2.1ms | ActiveRecord: 0.0ms | Allocations: 3946)


Started POST "/session" for ::1 at 2024-01-12 12:05:56 -0600
Processing by SessionsController#create as TURBO_STREAM
  Parameters: {"authenticity_token"=>"[FILTERED]", "email"=>"gabeodess@gmail.com", "password"=>"[FILTERED]", "commit"=>"Sign In"}
  [1m[36mUser Load (0.3ms)[0m  [1m[34mSELECT "users".* FROM "users" WHERE "users"."email" = $1 LIMIT $2[0m  [["email", "gabeodess@gmail.com"], ["LIMIT", 1]]
  ↳ app/controllers/sessions_controller.rb:9:in `create'
  Rendering layout layouts/application.html.erb
  Rendering sessions/new.html.erb within layouts/application
  Rendered sessions/new.html.erb within layouts/application (Duration: 0.9ms | Allocations: 1193)
  Rendered layout layouts/application.html.erb (Duration: 3.6ms | Allocations: 3530)
Completed 422 Unprocessable Entity in 19ms (Views: 4.0ms | ActiveRecord: 0.3ms | Allocations: 7846)


Started GET "/users/new" for ::1 at 2024-01-12 12:06:02 -0600
Processing by UsersController#new as HTML
  Rendering layout layouts/application.html.erb
  Rendering users/new.html.erb within layouts/application
  Rendered users/new.html.erb within layouts/application (Duration: 2.1ms | Allocations: 1234)
  Rendered layout layouts/application.html.erb (Duration: 4.4ms | Allocations: 3579)
Completed 200 OK in 25ms (Views: 5.5ms | ActiveRecord: 4.3ms | Allocations: 11786)


Started POST "/users" for ::1 at 2024-01-12 12:06:04 -0600
Processing by UsersController#create as TURBO_STREAM
  Parameters: {"authenticity_token"=>"[FILTERED]", "user"=>{"email"=>"gabeodess@gmail.com", "password"=>"[FILTERED]"}, "commit"=>"Sign Up!"}
  [1m[36mTRANSACTION (0.2ms)[0m  [1m[35mBEGIN[0m
  ↳ app/controllers/users_controller.rb:10:in `create'
  [1m[36mUser Create (2.2ms)[0m  [1m[32mINSERT INTO "users" ("email", "password_digest", "created_at", "updated_at") VALUES ($1, $2, $3, $4) RETURNING "id"[0m  [["email", "gabeodess@gmail.com"], ["password_digest", "[FILTERED]"], ["created_at", "2024-01-12 18:06:04.443320"], ["updated_at", "2024-01-12 18:06:04.443320"]]
  ↳ app/controllers/users_controller.rb:10:in `create'
  [1m[36mTRANSACTION (0.8ms)[0m  [1m[35mCOMMIT[0m
  ↳ app/controllers/users_controller.rb:10:in `create'
Redirected to http://localhost:3000/
Completed 302 Found in 294ms (ActiveRecord: 3.1ms | Allocations: 3346)


Started GET "/" for ::1 at 2024-01-12 12:06:04 -0600
Processing by SessionsController#show as TURBO_STREAM
  [1m[36mUser Load (0.3ms)[0m  [1m[34mSELECT "users".* FROM "users" WHERE "users"."id" = $1 LIMIT $2[0m  [["id", 1], ["LIMIT", 1]]
  ↳ app/controllers/application_controller.rb:19:in `current_user'
  Rendering layout layouts/application.html.erb
  Rendering sessions/show.html.erb within layouts/application
  Rendered sessions/show.html.erb within layouts/application (Duration: 0.2ms | Allocations: 79)
  Rendered layout layouts/application.html.erb (Duration: 1.4ms | Allocations: 2424)
Completed 200 OK in 3ms (Views: 1.6ms | ActiveRecord: 0.3ms | Allocations: 4020)


Started POST "/pushers" for ::1 at 2024-01-12 12:06:04 -0600
Processing by PushersController#create as */*
  Parameters: {"pusher"=>{"endpoint"=>"https://fcm.googleapis.com/fcm/send/euHRStoNdz4:APA91bHoBjCuq5JLYNsBMTnL2GpgUHXryPbJl4sq3SNqKEpfA91OeM4OWKOZ7CJrybLrAw7eBnciY8RrD-EyO-73iesQaQPxR2SLOudJOl3_DdfYItV1O458g74y9m8qgW-KjkV4wnds", "auth"=>"Rsx5wI-Qiev4oaHH-qoOLQ", "p256dh"=>"BH9okF4x-tA1FTxG6sGGdM9ulpYsSdA-ZswaZnlAQohxUt_GoJUUfcc2hP5tYTm7pRlbJ3oFgO2ca3hywsLfUQI"}}
  [1m[36mUser Load (0.3ms)[0m  [1m[34mSELECT "users".* FROM "users" WHERE "users"."id" = $1 LIMIT $2[0m  [["id", 1], ["LIMIT", 1]]
  ↳ app/controllers/application_controller.rb:19:in `current_user'
  [1m[36mPusher Load (0.7ms)[0m  [1m[34mSELECT "pushers".* FROM "pushers" WHERE "pushers"."user_id" = $1 AND "pushers"."endpoint" = $2 AND "pushers"."auth" = $3 AND "pushers"."p256dh" = $4 LIMIT $5[0m  [["user_id", 1], ["endpoint", "https://fcm.googleapis.com/fcm/send/euHRStoNdz4:APA91bHoBjCuq5JLYNsBMTnL2GpgUHXryPbJl4sq3SNqKEpfA91OeM4OWKOZ7CJrybLrAw7eBnciY8RrD-EyO-73iesQaQPxR2SLOudJOl3_DdfYItV1O458g74y9m8qgW-KjkV4wnds"], ["auth", "Rsx5wI-Qiev4oaHH-qoOLQ"], ["p256dh", "BH9okF4x-tA1FTxG6sGGdM9ulpYsSdA-ZswaZnlAQohxUt_GoJUUfcc2hP5tYTm7pRlbJ3oFgO2ca3hywsLfUQI"], ["LIMIT", 1]]
  ↳ app/controllers/pushers_controller.rb:3:in `create'
  [1m[36mTRANSACTION (0.4ms)[0m  [1m[35mBEGIN[0m
  ↳ app/controllers/pushers_controller.rb:3:in `create'
  [1m[36mPusher Create (2.2ms)[0m  [1m[32mINSERT INTO "pushers" ("user_id", "endpoint", "p256dh", "auth", "created_at", "updated_at") VALUES ($1, $2, $3, $4, $5, $6) RETURNING "id"[0m  [["user_id", 1], ["endpoint", "https://fcm.googleapis.com/fcm/send/euHRStoNdz4:APA91bHoBjCuq5JLYNsBMTnL2GpgUHXryPbJl4sq3SNqKEpfA91OeM4OWKOZ7CJrybLrAw7eBnciY8RrD-EyO-73iesQaQPxR2SLOudJOl3_DdfYItV1O458g74y9m8qgW-KjkV4wnds"], ["p256dh", "BH9okF4x-tA1FTxG6sGGdM9ulpYsSdA-ZswaZnlAQohxUt_GoJUUfcc2hP5tYTm7pRlbJ3oFgO2ca3hywsLfUQI"], ["auth", "Rsx5wI-Qiev4oaHH-qoOLQ"], ["created_at", "2024-01-12 18:06:04.553224"], ["updated_at", "2024-01-12 18:06:04.553224"]]
  ↳ app/controllers/pushers_controller.rb:3:in `create'
  [1m[36mTRANSACTION (0.3ms)[0m  [1m[35mCOMMIT[0m
  ↳ app/controllers/pushers_controller.rb:3:in `create'
  Rendering layout layouts/application.html.erb
  Rendering pushers/create.html.erb within layouts/application
  Rendered pushers/create.html.erb within layouts/application (Duration: 0.2ms | Allocations: 94)
  Rendered layout layouts/application.html.erb (Duration: 1.8ms | Allocations: 2450)
Completed 200 OK in 51ms (Views: 2.6ms | ActiveRecord: 6.8ms | Allocations: 19728)


Started GET "/api/session" for ::1 at 2024-01-12 12:06:08 -0600
Processing by Api::SessionsController#show as */*
  [1m[36mUser Load (0.5ms)[0m  [1m[34mSELECT "users".* FROM "users" WHERE "users"."id" = $1 LIMIT $2[0m  [["id", 1], ["LIMIT", 1]]
  ↳ app/controllers/application_controller.rb:19:in `current_user'
Completed 200 OK in 2ms (Views: 0.1ms | ActiveRecord: 0.5ms | Allocations: 892)


Started GET "/api/session" for ::1 at 2024-01-12 12:06:12 -0600
Processing by Api::SessionsController#show as */*
  [1m[36mUser Load (0.7ms)[0m  [1m[34mSELECT "users".* FROM "users" WHERE "users"."id" = $1 LIMIT $2[0m  [["id", 1], ["LIMIT", 1]]
  ↳ app/controllers/application_controller.rb:19:in `current_user'
Completed 200 OK in 2ms (Views: 0.1ms | ActiveRecord: 0.7ms | Allocations: 767)


Started GET "/api/session" for ::1 at 2024-01-12 12:06:15 -0600
Processing by Api::SessionsController#show as */*
  [1m[36mUser Load (0.6ms)[0m  [1m[34mSELECT "users".* FROM "users" WHERE "users"."id" = $1 LIMIT $2[0m  [["id", 1], ["LIMIT", 1]]
  ↳ app/controllers/application_controller.rb:19:in `current_user'
Completed 200 OK in 3ms (Views: 0.1ms | ActiveRecord: 0.6ms | Allocations: 755)


